<?xml version="1.0" encoding="UTF-8" ?>
<testsuites>
 <testsuite name="Cloudbreak login" timestamp="2016-01-24T18:05:51" hostname="localhost" time="150.051" errors="0" tests="0" skipped="0" disabled="0" failures="0">
 </testsuite>
 <testsuite name="Cloudbreak login.launch application" timestamp="2016-01-24T18:05:51" hostname="localhost" time="150.05" errors="0" tests="2" skipped="0" disabled="0" failures="3">
  <testcase classname="Cloudbreak login.launch application" name="should be at the Dashboard page" time="50.038">
   <failure type="exception" message="Error: Timeout - Async callback was not invoked within timeout specified by jasmine.DEFAULT_TIMEOUT_INTERVAL."><![CDATA[Error: Timeout - Async callback was not invoked within timeout specified by jasmine.DEFAULT_TIMEOUT_INTERVAL.
    at [object Object]._onTimeout (/Users/aszegedi/prj/uluwatutests/uluwatu-e2e-protractor/node_modules/protractor/node_modules/jasmine/node_modules/jasmine-core/lib/jasmine-core/jasmine.js:1812:23)
    at Timer.listOnTimeout (timers.js:89:15)]]>
   </failure>
  </testcase>
  <testcase classname="Cloudbreak login.launch application" name="should see default blueprints" time="100.008">
   <failure type="exception" message="Error: Timeout - Async callback was not invoked within timeout specified by jasmine.DEFAULT_TIMEOUT_INTERVAL."><![CDATA[Error: Timeout - Async callback was not invoked within timeout specified by jasmine.DEFAULT_TIMEOUT_INTERVAL.
    at [object Object]._onTimeout (/Users/aszegedi/prj/uluwatutests/uluwatu-e2e-protractor/node_modules/protractor/node_modules/jasmine/node_modules/jasmine-core/lib/jasmine-core/jasmine.js:1812:23)
    at Timer.listOnTimeout (timers.js:89:15)]]>
   </failure>
   <failure type="exception" message="Error: Timeout - Async callback was not invoked within timeout specified by jasmine.DEFAULT_TIMEOUT_INTERVAL."><![CDATA[Error: Timeout - Async callback was not invoked within timeout specified by jasmine.DEFAULT_TIMEOUT_INTERVAL.
    at [object Object]._onTimeout (/Users/aszegedi/prj/uluwatutests/uluwatu-e2e-protractor/node_modules/protractor/node_modules/jasmine/node_modules/jasmine-core/lib/jasmine-core/jasmine.js:1812:23)
    at Timer.listOnTimeout (timers.js:89:15)]]>
   </failure>
  </testcase>
 </testsuite>
</testsuites>