<?xml version="1.0" encoding="UTF-8" ?>
<testsuites>
 <testsuite name="Testing Credentials on Dashboard" timestamp="2016-01-15T17:19:19" hostname="localhost" time="41.546" errors="0" tests="0" skipped="0" disabled="0" failures="0">
 </testsuite>
 <testsuite name="Testing Credentials on Dashboard.Create a new credential" timestamp="2016-01-15T17:19:19" hostname="localhost" time="41.545" errors="0" tests="1" skipped="0" disabled="0" failures="0">
  <testcase classname="Testing Credentials on Dashboard.Create a new credential" name="autotest-aws" time="41.543" />
 </testsuite>
</testsuites>