<?xml version="1.0" encoding="UTF-8" ?>
<testsuites>
 <testsuite name="Cluster testing" timestamp="2016-01-18T19:19:32" hostname="localhost" time="18.538" errors="0" tests="0" skipped="0" disabled="0" failures="0">
 </testsuite>
 <testsuite name="Cluster testing.create new cluster" timestamp="2016-01-18T19:19:32" hostname="localhost" time="18.538" errors="0" tests="2" skipped="0" disabled="0" failures="0">
  <testcase classname="Cluster testing.create new cluster" name="AWS credential should be selected" time="15.732" />
  <testcase classname="Cluster testing.create new cluster" name="AWS cluster should be created" time="2.803" />
 </testsuite>
</testsuites>