<?xml version="1.0" encoding="UTF-8" ?>
<testsuites>
 <testsuite name="Cluster testing" timestamp="2016-01-20T17:55:34" hostname="localhost" time="14.718" errors="0" tests="0" skipped="0" disabled="0" failures="0">
 </testsuite>
 <testsuite name="Cluster testing.create new cluster" timestamp="2016-01-20T17:55:34" hostname="localhost" time="14.718" errors="0" tests="2" skipped="0" disabled="0" failures="0">
  <testcase classname="Cluster testing.create new cluster" name="AWS cluster should be started" time="14.715" />
  <testcase classname="Cluster testing.create new cluster" name="AWS cluster should be done" time="0.001" />
 </testsuite>
</testsuites>