<?xml version="1.0" encoding="UTF-8" ?>
<testsuites>
 <testsuite name="Testing Blueprints on Dashboard" timestamp="2016-01-14T10:27:07" hostname="localhost" time="28.276" errors="0" tests="0" skipped="0" disabled="0" failures="0">
 </testsuite>
 <testsuite name="Testing Blueprints on Dashboard.Create a new blueprint" timestamp="2016-01-14T10:27:07" hostname="localhost" time="28.276" errors="0" tests="1" skipped="0" disabled="0" failures="0">
  <testcase classname="Testing Blueprints on Dashboard.Create a new blueprint" name="autotest-multi-node-hdfs-yarn" time="28.274" />
 </testsuite>
 <testsuite name="Cloudbreak login" timestamp="2016-01-14T10:27:35" hostname="localhost" time="0.092" errors="0" tests="0" skipped="0" disabled="0" failures="0">
 </testsuite>
 <testsuite name="Cloudbreak login.launch application" timestamp="2016-01-14T10:27:35" hostname="localhost" time="0.092" errors="0" tests="2" skipped="0" disabled="0" failures="0">
  <testcase classname="Cloudbreak login.launch application" name="should be at the Dashboard page" time="0.022" />
  <testcase classname="Cloudbreak login.launch application" name="should see default blueprints" time="0.07" />
 </testsuite>
</testsuites>